<?xml version="1.0" encoding="UTF-8"?>
<!-- Generated by org.testng.reporters.JUnitXMLReporter -->
<testsuite ignored="0" hostname="LAPTOP-GMS9FBNC" failures="1" tests="2" name="Test" time="24.362" errors="0" timestamp="2021-02-08T21:20:30 IST">
  <testcase classname="grootanTech.testCases" name="@AfterTest closeBrowser" time="0.029">
    <failure type="java.io.FileNotFoundException" message="G:\Grootan_Technology\InterviewTask\Excel_Report\Report.xls (The process cannot access the file because it is being used by another process)">
      <![CDATA[java.io.FileNotFoundException: G:\Grootan_Technology\InterviewTask\Excel_Report\Report.xls (The process cannot access the file because it is being used by another process)
at java.base/java.io.FileOutputStream.open0(Native Method)
at java.base/java.io.FileOutputStream.open(FileOutputStream.java:291)
at java.base/java.io.FileOutputStream.<init>(FileOutputStream.java:234)
at java.base/java.io.FileOutputStream.<init>(FileOutputStream.java:184)
at org.apache.poi.poifs.filesystem.POIFSFileSystem.create(POIFSFileSystem.java:917)
at org.apache.poi.hssf.usermodel.HSSFWorkbook.write(HSSFWorkbook.java:1350)
at grootanTech.testCases.closeBrowser(testCases.java:48)
... Removed 24 stack frames]]>
    </failure>
  </testcase> <!-- @AfterTest closeBrowser -->
  <testcase classname="grootanTech.testCases" name="tc1" time="6.181">
    <failure type="java.util.NoSuchElementException">
      <![CDATA[java.util.NoSuchElementException
at java.base/java.util.LinkedHashMap$LinkedHashIterator.nextNode(LinkedHashMap.java:760)
at java.base/java.util.LinkedHashMap$LinkedKeyIterator.next(LinkedHashMap.java:780)
at grootanTech.testCases.tc1(testCases.java:73)
at java.base/java.util.ArrayList.forEach(ArrayList.java:1511)
... Removed 27 stack frames]]>
    </failure>
  </testcase> <!-- tc1 -->
  <testcase classname="grootanTech.testCases" name="tc2" time="5.086"/>
</testsuite> <!-- Test -->
