<?xml version="1.0" encoding="UTF-8"?>
<testng-results ignored="0" total="2" passed="2" failed="0" skipped="0">
  <reporter-output>
  </reporter-output>
  <suite started-at="2021-02-08T22:54:20 IST" name="Default suite" finished-at="2021-02-08T22:54:59 IST" duration-ms="39334">
    <groups>
    </groups>
    <test started-at="2021-02-08T22:54:20 IST" name="Default test" finished-at="2021-02-08T22:54:59 IST" duration-ms="39334">
      <class name="grootanTech.testCases">
        <test-method is-config="true" signature="openBrowser()[pri:0, instance:grootanTech.testCases@e1de817]" started-at="2021-02-08T22:54:20 IST" name="openBrowser" finished-at="2021-02-08T22:54:28 IST" duration-ms="8401" status="PASS">
          <reporter-output>
          </reporter-output>
        </test-method> <!-- openBrowser -->
        <test-method signature="tc1()[pri:0, instance:grootanTech.testCases@e1de817]" started-at="2021-02-08T22:54:28 IST" name="tc1" finished-at="2021-02-08T22:54:55 IST" duration-ms="26566" status="PASS">
          <reporter-output>
          </reporter-output>
        </test-method> <!-- tc1 -->
        <test-method signature="tc2()[pri:0, instance:grootanTech.testCases@e1de817]" started-at="2021-02-08T22:54:55 IST" name="tc2" finished-at="2021-02-08T22:54:57 IST" duration-ms="2349" status="PASS">
          <reporter-output>
          </reporter-output>
        </test-method> <!-- tc2 -->
        <test-method is-config="true" signature="closeBrowser()[pri:0, instance:grootanTech.testCases@e1de817]" started-at="2021-02-08T22:54:57 IST" name="closeBrowser" finished-at="2021-02-08T22:54:59 IST" duration-ms="1958" status="PASS">
          <reporter-output>
          </reporter-output>
        </test-method> <!-- closeBrowser -->
      </class> <!-- grootanTech.testCases -->
    </test> <!-- Default test -->
  </suite> <!-- Default suite -->
</testng-results>
