<?xml version="1.0" encoding="UTF-8"?>
<testng-results ignored="0" total="2" passed="2" failed="0" skipped="0">
  <reporter-output>
  </reporter-output>
  <suite started-at="2021-02-09T15:08:56 IST" name="Default suite" finished-at="2021-02-09T15:09:58 IST" duration-ms="62343">
    <groups>
    </groups>
    <test started-at="2021-02-09T15:08:56 IST" name="Default test" finished-at="2021-02-09T15:09:58 IST" duration-ms="62343">
      <class name="grootanTech.testCases">
        <test-method is-config="true" signature="openBrowser()[pri:0, instance:grootanTech.testCases@e1de817]" started-at="2021-02-09T15:08:56 IST" name="openBrowser" finished-at="2021-02-09T15:09:13 IST" duration-ms="17589" status="PASS">
          <reporter-output>
          </reporter-output>
        </test-method> <!-- openBrowser -->
        <test-method signature="tc1()[pri:0, instance:grootanTech.testCases@e1de817]" started-at="2021-02-09T15:09:13 IST" name="tc1" finished-at="2021-02-09T15:09:48 IST" duration-ms="34873" status="PASS">
          <reporter-output>
          </reporter-output>
        </test-method> <!-- tc1 -->
        <test-method signature="tc2()[pri:0, instance:grootanTech.testCases@e1de817]" started-at="2021-02-09T15:09:48 IST" name="tc2" finished-at="2021-02-09T15:09:55 IST" duration-ms="7107" status="PASS">
          <reporter-output>
          </reporter-output>
        </test-method> <!-- tc2 -->
        <test-method is-config="true" signature="closeBrowser()[pri:0, instance:grootanTech.testCases@e1de817]" started-at="2021-02-09T15:09:55 IST" name="closeBrowser" finished-at="2021-02-09T15:09:58 IST" duration-ms="2578" status="PASS">
          <reporter-output>
          </reporter-output>
        </test-method> <!-- closeBrowser -->
      </class> <!-- grootanTech.testCases -->
    </test> <!-- Default test -->
  </suite> <!-- Default suite -->
</testng-results>
